<html>
<head>
<title>TestNG:  Test</title>
<link href="../testng.css" rel="stylesheet" type="text/css" />
<link href="../my-testng.css" rel="stylesheet" type="text/css" />

<style type="text/css">
.log { display: none;} 
.stack-trace { display: none;} 
</style>
<script type="text/javascript">
<!--
function flip(e) {
  current = e.style.display;
  if (current == 'block') {
    e.style.display = 'none';
    return 0;
  }
  else {
    e.style.display = 'block';
    return 1;
  }
}

function toggleBox(szDivId, elem, msg1, msg2)
{
  var res = -1;  if (document.getElementById) {
    res = flip(document.getElementById(szDivId));
  }
  else if (document.all) {
    // this is the way old msie versions work
    res = flip(document.all[szDivId]);
  }
  if(elem) {
    if(res == 0) elem.innerHTML = msg1; else elem.innerHTML = msg2;
  }

}

function toggleAllBoxes() {
  if (document.getElementsByTagName) {
    d = document.getElementsByTagName('div');
    for (i = 0; i < d.length; i++) {
      if (d[i].className == 'log') {
        flip(d[i]);
      }
    }
  }
}

// -->
</script>

</head>
<body>
<h2 align='center'>Test</h2><table border='1' align="center">
<tr>
<td>Tests passed/Failed/Skipped:</td><td>1/2/0</td>
</tr><tr>
<td>Started on:</td><td>Wed Oct 18 09:56:32 CEST 2023</td>
</tr>
<tr><td>Total time:</td><td>44 seconds (44169 ms)</td>
</tr><tr>
<td>Included groups:</td><td></td>
</tr><tr>
<td>Excluded groups:</td><td></td>
</tr>
</table><p/>
<small><i>(Hover the method name to see the test class name)</i></small><p/>
<table width='100%' border='1' class='invocation-failed'>
<tr><td colspan='4' align='center'><b>FAILED TESTS</b></td></tr>
<tr><td><b>Test method</b></td>
<td><b>Attribute(s)</b></td>
<td width="30%"><b>Exception</b></td>
<td width="10%"><b>Time (seconds)</b></td>
<td><b>Instance</b></td>
</tr>
<tr>
<td title='Runner.runEnDe.runScenario()'><b>runScenario</b><br>Test class: Runner.runEnDe<br>Test method: Runs Cucumber Scenarios<br>Parameters: "Go to -About Us- page with german language on app", "Verify some page existent, on english and german"</td>
<td><div><pre>java.lang.AssertionError: expected [Proxy element for: DefaultElementLocator &apos;By.xpath: //a[normalize-space()=&apos;Angebot anfordern&apos;]&apos;] but found [null]
	at StepDefinitions.DeAboutUs.i_see_Über_uns_page(DeAboutUs.java:89)
	at ?.i see Über uns page(file:///D:/Eclipse-Java-Projekat/SixSentix/src/test/java/Features/EngAndGerVersions.feature:18)
... Removed 5 stack frames</pre></div><a href='#' onClick='toggleBox("stack-trace1728554175", this, "Click to show all stack frames", "Click to hide stack frames")'>Click to show all stack frames</a>
<div class='stack-trace' id='stack-trace1728554175'><pre>java.lang.AssertionError: expected [Proxy element for: DefaultElementLocator &apos;By.xpath: //a[normalize-space()=&apos;Angebot anfordern&apos;]&apos;] but found [null]
	at org.testng.Assert.fail(Assert.java:111)
	at org.testng.Assert.failNotEquals(Assert.java:1578)
	at org.testng.Assert.assertEqualsImpl(Assert.java:150)
	at org.testng.Assert.assertEquals(Assert.java:132)
	at org.testng.Assert.assertEquals(Assert.java:644)
	at StepDefinitions.DeAboutUs.i_see_Über_uns_page(DeAboutUs.java:89)
	at ?.i see Über uns page(file:///D:/Eclipse-Java-Projekat/SixSentix/src/test/java/Features/EngAndGerVersions.feature:18)
</pre></div></td>
<td>17</td>
<td>Runner.runEnDe@2a3b5b47</td></tr>
<tr>
<td title='Runner.runEnDe.runScenario()'><b>runScenario</b><br>Test class: Runner.runEnDe<br>Test method: Runs Cucumber Scenarios<br>Parameters: "Go to -Contact- page with german language on app", "Verify some page existent, on english and german"</td>
<td><div><pre>java.lang.AssertionError: expected [Proxy element for: DefaultElementLocator &apos;By.xpath: //h1[normalize-space()=&apos;Wir freuen uns über Ihre Kontaktaufnahme&apos;]&apos;] but found [null]
	at StepDefinitions.DeContact.i_see_Kontakt_page(DeContact.java:89)
	at ?.i see Kontakt page(file:///D:/Eclipse-Java-Projekat/SixSentix/src/test/java/Features/EngAndGerVersions.feature:27)
... Removed 5 stack frames</pre></div><a href='#' onClick='toggleBox("stack-trace1690221909", this, "Click to show all stack frames", "Click to hide stack frames")'>Click to show all stack frames</a>
<div class='stack-trace' id='stack-trace1690221909'><pre>java.lang.AssertionError: expected [Proxy element for: DefaultElementLocator &apos;By.xpath: //h1[normalize-space()=&apos;Wir freuen uns über Ihre Kontaktaufnahme&apos;]&apos;] but found [null]
	at org.testng.Assert.fail(Assert.java:111)
	at org.testng.Assert.failNotEquals(Assert.java:1578)
	at org.testng.Assert.assertEqualsImpl(Assert.java:150)
	at org.testng.Assert.assertEquals(Assert.java:132)
	at org.testng.Assert.assertEquals(Assert.java:644)
	at StepDefinitions.DeContact.i_see_Kontakt_page(DeContact.java:89)
	at ?.i see Kontakt page(file:///D:/Eclipse-Java-Projekat/SixSentix/src/test/java/Features/EngAndGerVersions.feature:27)
</pre></div></td>
<td>17</td>
<td>Runner.runEnDe@2a3b5b47</td></tr>
</table><p>
<table width='100%' border='1' class='invocation-passed'>
<tr><td colspan='4' align='center'><b>PASSED TESTS</b></td></tr>
<tr><td><b>Test method</b></td>
<td><b>Attribute(s)</b></td>
<td width="30%"><b>Exception</b></td>
<td width="10%"><b>Time (seconds)</b></td>
<td><b>Instance</b></td>
</tr>
<tr>
<td title='Runner.runEnDe.runScenario()'><b>runScenario</b><br>Test class: Runner.runEnDe<br>Test method: Runs Cucumber Scenarios<br>Parameters: "Go to -About Us- page with english language on app", "Verify some page existent, on english and german"</td>
<td></td>
<td>7</td>
<td>Runner.runEnDe@2a3b5b47</td></tr>
</table><p>
</body>
</html>