<?xml version="1.0" encoding="UTF-8"?>
<!-- Generated by org.testng.reporters.JUnitReportReporter -->
<testsuite hostname="ADMINRG-KGQ9CML" failures="2" tests="3" name="Runner.runEnDe" time="43.711" errors="0" timestamp="2023-10-18T09:57:16 CEST" skipped="0">
  <testcase classname="Runner.runEnDe" name="runScenario" time="7.897"/>
  <testcase classname="Runner.runEnDe" name="runScenario" time="17.929">
    <failure message="expected [Proxy element for: DefaultElementLocator &#039;By.xpath: //a[normalize-space()=&#039;Angebot anfordern&#039;]&#039;] but found [null]" type="java.lang.AssertionError">
      <![CDATA[java.lang.AssertionError: expected [Proxy element for: DefaultElementLocator 'By.xpath: //a[normalize-space()='Angebot anfordern']'] but found [null]
at org.testng.Assert.fail(Assert.java:111)
at org.testng.Assert.failNotEquals(Assert.java:1578)
at org.testng.Assert.assertEqualsImpl(Assert.java:150)
at org.testng.Assert.assertEquals(Assert.java:132)
at org.testng.Assert.assertEquals(Assert.java:644)
at StepDefinitions.DeAboutUs.i_see_Über_uns_page(DeAboutUs.java:89)
at ✽.i see Über uns page(file:///D:/Eclipse-Java-Projekat/SixSentix/src/test/java/Features/EngAndGerVersions.feature:18)
]]>
    </failure>
  </testcase> <!-- runScenario -->
  <testcase classname="Runner.runEnDe" name="runScenario" time="17.885">
    <failure message="expected [Proxy element for: DefaultElementLocator &#039;By.xpath: //h1[normalize-space()=&#039;Wir freuen uns über Ihre Kontaktaufnahme&#039;]&#039;] but found [null]" type="java.lang.AssertionError">
      <![CDATA[java.lang.AssertionError: expected [Proxy element for: DefaultElementLocator 'By.xpath: //h1[normalize-space()='Wir freuen uns über Ihre Kontaktaufnahme']'] but found [null]
at org.testng.Assert.fail(Assert.java:111)
at org.testng.Assert.failNotEquals(Assert.java:1578)
at org.testng.Assert.assertEqualsImpl(Assert.java:150)
at org.testng.Assert.assertEquals(Assert.java:132)
at org.testng.Assert.assertEquals(Assert.java:644)
at StepDefinitions.DeContact.i_see_Kontakt_page(DeContact.java:89)
at ✽.i see Kontakt page(file:///D:/Eclipse-Java-Projekat/SixSentix/src/test/java/Features/EngAndGerVersions.feature:27)
]]>
    </failure>
  </testcase> <!-- runScenario -->
</testsuite> <!-- Runner.runEnDe -->
